
12월 21, 2020 13:16:24.44 NEW SESSION
12월 21, 2020 13:16:24.44 [3948:28320:1221/131624.041:ERROR:device_event_log_impl.cc(211)] [13:16:24.041] USB: usb_device_handle_win.cc:1020 Failed to read descriptor from node connection: 시스템에 부착된 장치가 작동하지 않습니다. (0x1F)
12월 21, 2020 13:26:14.708 [1221/132614.708:ERROR:directory_reader_win.cc(43)] FindFirstFile: 지정된 경로를 찾을 수 없습니다. (0x3)

12월 21, 2020 14:00:24.543 NEW SESSION
12월 21, 2020 14:00:24.543 [2944:23372:1221/140024.540:ERROR:device_event_log_impl.cc(211)] [14:00:24.540] USB: usb_device_handle_win.cc:1020 Failed to read descriptor from node connection: 시스템에 부착된 장치가 작동하지 않습니다. (0x1F)
12월 21, 2020 15:33:26.679 [19056:5916:1221/153326.679:ERROR:device_event_log_impl.cc(211)] [15:33:26.679] USB: usb_device_handle_win.cc:1020 Failed to read descriptor from node connection: 시스템에 부착된 장치가 작동하지 않습니다. (0x1F)
12월 21, 2020 15:43:13.883 [1221/154313.882:ERROR:directory_reader_win.cc(43)] FindFirstFile: 지정된 경로를 찾을 수 없습니다. (0x3)
12월 21, 2020 15:51:11.187 [19056:22936:1221/155111.186:ERROR:connection_factory_impl.cc(428)] Failed to connect to MCS endpoint with error -106
12월 21, 2020 15:52:06.261 [19056:22936:1221/155206.261:ERROR:connection_factory_impl.cc(428)] Failed to connect to MCS endpoint with error -106

12월 24, 2020 09:35:48.851 NEW SESSION
12월 24, 2020 09:35:48.852 [9496:17272:1224/093548.849:ERROR:device_event_log_impl.cc(211)] [09:35:48.849] USB: usb_device_handle_win.cc:1020 Failed to read descriptor from node connection: 시스템에 부착된 장치가 작동하지 않습니다. (0x1F)
12월 24, 2020 09:37:08.858 [9496:17272:1224/093708.858:ERROR:page_load_metrics_update_dispatcher.cc(169)] Invalid first_paint 0.236 s for first_image_paint 0.223 s
12월 24, 2020 09:37:10.37 [9496:17272:1224/093710.037:ERROR:page_load_metrics_update_dispatcher.cc(169)] Invalid first_paint 0.236 s for first_image_paint 0.223 s
12월 24, 2020 09:41:06.525 [9496:17272:1224/094106.525:ERROR:page_load_metrics_update_dispatcher.cc(169)] Invalid first_paint 0.236 s for first_image_paint 0.223 s
12월 24, 2020 09:41:08.864 [9496:17272:1224/094108.864:ERROR:page_load_metrics_update_dispatcher.cc(169)] Invalid first_paint 0.236 s for first_image_paint 0.223 s
12월 24, 2020 09:43:48.996 [9496:17272:1224/094348.996:ERROR:page_load_metrics_update_dispatcher.cc(169)] Invalid first_paint 0.236 s for first_image_paint 0.223 s
12월 24, 2020 09:43:50.67 [9496:17272:1224/094350.067:ERROR:page_load_metrics_update_dispatcher.cc(169)] Invalid first_paint 0.236 s for first_image_paint 0.223 s
12월 24, 2020 09:45:42.536 [1224/094542.534:ERROR:directory_reader_win.cc(43)] FindFirstFile: 지정된 경로를 찾을 수 없습니다. (0x3)
12월 24, 2020 14:47:26.150 [9496:17272:1224/144726.149:ERROR:CONSOLE(1)] "Connection is closed, can't dispatch pending call", source: devtools://devtools/bundled/sdk/sdk.js (1)
12월 24, 2020 16:20:37.587 [9496:17272:1224/162037.587:ERROR:device_event_log_impl.cc(211)] [16:20:37.587] USB: usb_service_win.cc:258 Failed to get device driver name: 요소가 없습니다. (0x490)
12월 24, 2020 16:20:37.648 [9496:17272:1224/162037.648:ERROR:device_event_log_impl.cc(211)] [16:20:37.648] USB: usb_service_win.cc:281 SetupDiEnumDeviceInterfaces: 사용 가능한 데이터가 없습니다. (0x103)

1월 07, 2021 17:42:02.816 NEW SESSION
1월 07, 2021 17:42:02.816 [7736:8992:0107/174202.814:ERROR:device_event_log_impl.cc(211)] [17:42:02.814] USB: usb_device_handle_win.cc:1020 Failed to read descriptor from node connection: 시스템에 부착된 장치가 작동하지 않습니다. (0x1F)
1월 07, 2021 17:51:48.641 [0107/175148.641:ERROR:directory_reader_win.cc(43)] FindFirstFile: 지정된 경로를 찾을 수 없습니다. (0x3)
